android/app/build/intermediates/manifest_merge_blame_file/debug/manifest-merger-blame-debug-report.txt
1<?xml version="1.0" encoding="utf-8"?>
2<manifest xmlns:android="http://schemas.android.com/apk/res/android"
3    package="com.fitlogger"
4    android:versionCode="1"
5    android:versionName="1.0" >
6
7    <uses-sdk
8        android:minSdkVersion="21"
9        android:targetSdkVersion="31" />
10
11    <uses-permission android:name="android.permission.SYSTEM_ALERT_WINDOW" />
11-->src\debug\AndroidManifest.xml:5:5-77
11-->src\debug\AndroidManifest.xml:5:22-75
12    <uses-permission android:name="android.permission.INTERNET" />
12-->src\main\AndroidManifest.xml:4:5-67
12-->src\main\AndroidManifest.xml:4:22-64
13    <uses-permission android:name="android.permission.CAMERA" />
13-->src\main\AndroidManifest.xml:5:5-64
13-->src\main\AndroidManifest.xml:5:22-62
14    <uses-permission android:name="android.permission.READ_EXTERNAL_STORAGE" />
14-->src\main\AndroidManifest.xml:6:5-79
14-->src\main\AndroidManifest.xml:6:22-77
15    <uses-permission android:name="com.android.vending.BILLING" />
15-->src\main\AndroidManifest.xml:7:5-67
15-->src\main\AndroidManifest.xml:7:22-64
16    <uses-permission android:name="android.permission.ACCESS_WIFI_STATE" />
16-->[com.facebook.flipper:flipper:0.99.0] AndroidManifest.xml:16:5-76
16-->[com.facebook.flipper:flipper:0.99.0] AndroidManifest.xml:16:22-73
17    <uses-permission android:name="android.permission.ACCESS_NETWORK_STATE" />
17-->[:react-native-community_netinfo] AndroidManifest.xml:9:5-79
17-->[:react-native-community_netinfo] AndroidManifest.xml:9:22-76
18    <uses-permission android:name="android.permission.WAKE_LOCK" /> <!-- Required to access Google Play Licensing -->
18-->[:react-native-firebase_admob] AndroidManifest.xml:10:5-68
18-->[:react-native-firebase_admob] AndroidManifest.xml:10:22-65
19    <uses-permission android:name="com.android.vending.CHECK_LICENSE" /> <!-- Required to read and write the expansion files on shared storage -->
19-->[:rn-fetch-blob] AndroidManifest.xml:10:5-73
19-->[:rn-fetch-blob] AndroidManifest.xml:10:22-70
20    <uses-permission android:name="android.permission.WRITE_EXTERNAL_STORAGE" /> <!-- Android package visibility setting -->
20-->[:rn-fetch-blob] AndroidManifest.xml:31:5-81
20-->[:rn-fetch-blob] AndroidManifest.xml:31:22-78
21    <queries>
21-->[com.google.android.gms:play-services-ads-lite:19.8.0] AndroidManifest.xml:27:5-43:15
22
23        <!-- For browser content -->
24        <intent>
24-->[com.google.android.gms:play-services-ads-lite:19.8.0] AndroidManifest.xml:30:9-36:18
25            <action android:name="android.intent.action.VIEW" />
25-->src\main\AndroidManifest.xml:37:13-65
25-->src\main\AndroidManifest.xml:37:21-62
26
27            <category android:name="android.intent.category.BROWSABLE" />
27-->src\main\AndroidManifest.xml:39:13-74
27-->src\main\AndroidManifest.xml:39:23-71
28
29            <data android:scheme="https" />
29-->src\main\AndroidManifest.xml:40:13-71
29-->src\main\AndroidManifest.xml:40:19-68
30        </intent>
31        <!-- End of browser content -->
32        <!-- For CustomTabsService -->
33        <intent>
33-->[com.google.android.gms:play-services-ads-lite:19.8.0] AndroidManifest.xml:39:9-41:18
34            <action android:name="android.support.customtabs.action.CustomTabsService" />
34-->[com.google.android.gms:play-services-ads-lite:19.8.0] AndroidManifest.xml:40:13-90
34-->[com.google.android.gms:play-services-ads-lite:19.8.0] AndroidManifest.xml:40:21-87
35        </intent>
36        <!-- End of CustomTabsService -->
37    </queries>
38
39    <uses-permission android:name="android.permission.RECEIVE_BOOT_COMPLETED" /> <!-- Required by older versions of Google Play services to create IID tokens -->
39-->[androidx.work:work-runtime:2.1.0] AndroidManifest.xml:27:5-81
39-->[androidx.work:work-runtime:2.1.0] AndroidManifest.xml:27:22-78
40    <uses-permission android:name="com.google.android.c2dm.permission.RECEIVE" /> <!-- for android -->
40-->[com.google.firebase:firebase-messaging:21.1.0] AndroidManifest.xml:25:5-82
40-->[com.google.firebase:firebase-messaging:21.1.0] AndroidManifest.xml:25:22-79
41    <!-- <uses-permission android:name="com.android.launcher.permission.READ_SETTINGS"/> -->
42    <!-- <uses-permission android:name="com.android.launcher.permission.WRITE_SETTINGS"/> -->
43    <!-- <uses-permission android:name="com.android.launcher.permission.INSTALL_SHORTCUT" /> -->
44    <!-- <uses-permission android:name="com.android.launcher.permission.UNINSTALL_SHORTCUT" /> -->
45    <!-- for Samsung -->
46    <uses-permission android:name="com.sec.android.provider.badge.permission.READ" />
46-->[me.leolin:ShortcutBadger:1.1.22] AndroidManifest.xml:19:5-86
46-->[me.leolin:ShortcutBadger:1.1.22] AndroidManifest.xml:19:22-83
47    <uses-permission android:name="com.sec.android.provider.badge.permission.WRITE" /> <!-- for htc -->
47-->[me.leolin:ShortcutBadger:1.1.22] AndroidManifest.xml:20:5-87
47-->[me.leolin:ShortcutBadger:1.1.22] AndroidManifest.xml:20:22-84
48    <uses-permission android:name="com.htc.launcher.permission.READ_SETTINGS" />
48-->[me.leolin:ShortcutBadger:1.1.22] AndroidManifest.xml:23:5-81
48-->[me.leolin:ShortcutBadger:1.1.22] AndroidManifest.xml:23:22-78
49    <uses-permission android:name="com.htc.launcher.permission.UPDATE_SHORTCUT" /> <!-- for sony -->
49-->[me.leolin:ShortcutBadger:1.1.22] AndroidManifest.xml:24:5-83
49-->[me.leolin:ShortcutBadger:1.1.22] AndroidManifest.xml:24:22-80
50    <uses-permission android:name="com.sonyericsson.home.permission.BROADCAST_BADGE" />
50-->[me.leolin:ShortcutBadger:1.1.22] AndroidManifest.xml:27:5-88
50-->[me.leolin:ShortcutBadger:1.1.22] AndroidManifest.xml:27:22-85
51    <uses-permission android:name="com.sonymobile.home.permission.PROVIDER_INSERT_BADGE" /> <!-- for apex -->
51-->[me.leolin:ShortcutBadger:1.1.22] AndroidManifest.xml:28:5-92
51-->[me.leolin:ShortcutBadger:1.1.22] AndroidManifest.xml:28:22-89
52    <uses-permission android:name="com.anddoes.launcher.permission.UPDATE_COUNT" /> <!-- for solid -->
52-->[me.leolin:ShortcutBadger:1.1.22] AndroidManifest.xml:31:5-84
52-->[me.leolin:ShortcutBadger:1.1.22] AndroidManifest.xml:31:22-81
53    <uses-permission android:name="com.majeur.launcher.permission.UPDATE_BADGE" /> <!-- for huawei -->
53-->[me.leolin:ShortcutBadger:1.1.22] AndroidManifest.xml:34:5-83
53-->[me.leolin:ShortcutBadger:1.1.22] AndroidManifest.xml:34:22-80
54    <uses-permission android:name="com.huawei.android.launcher.permission.CHANGE_BADGE" />
54-->[me.leolin:ShortcutBadger:1.1.22] AndroidManifest.xml:37:5-91
54-->[me.leolin:ShortcutBadger:1.1.22] AndroidManifest.xml:37:22-88
55    <uses-permission android:name="com.huawei.android.launcher.permission.READ_SETTINGS" />
55-->[me.leolin:ShortcutBadger:1.1.22] AndroidManifest.xml:38:5-92
55-->[me.leolin:ShortcutBadger:1.1.22] AndroidManifest.xml:38:22-89
56    <uses-permission android:name="com.huawei.android.launcher.permission.WRITE_SETTINGS" /> <!-- for ZUK -->
56-->[me.leolin:ShortcutBadger:1.1.22] AndroidManifest.xml:39:5-93
56-->[me.leolin:ShortcutBadger:1.1.22] AndroidManifest.xml:39:22-90
57    <uses-permission android:name="android.permission.READ_APP_BADGE" /> <!-- for OPPO -->
57-->[me.leolin:ShortcutBadger:1.1.22] AndroidManifest.xml:42:5-73
57-->[me.leolin:ShortcutBadger:1.1.22] AndroidManifest.xml:42:22-70
58    <uses-permission android:name="com.oppo.launcher.permission.READ_SETTINGS" />
58-->[me.leolin:ShortcutBadger:1.1.22] AndroidManifest.xml:45:5-82
58-->[me.leolin:ShortcutBadger:1.1.22] AndroidManifest.xml:45:22-79
59    <uses-permission android:name="com.oppo.launcher.permission.WRITE_SETTINGS" /> <!-- for EvMe -->
59-->[me.leolin:ShortcutBadger:1.1.22] AndroidManifest.xml:46:5-83
59-->[me.leolin:ShortcutBadger:1.1.22] AndroidManifest.xml:46:22-80
60    <uses-permission android:name="me.everything.badger.permission.BADGE_COUNT_READ" />
60-->[me.leolin:ShortcutBadger:1.1.22] AndroidManifest.xml:49:5-88
60-->[me.leolin:ShortcutBadger:1.1.22] AndroidManifest.xml:49:22-85
61    <uses-permission android:name="me.everything.badger.permission.BADGE_COUNT_WRITE" />
61-->[me.leolin:ShortcutBadger:1.1.22] AndroidManifest.xml:50:5-89
61-->[me.leolin:ShortcutBadger:1.1.22] AndroidManifest.xml:50:22-86
62    <uses-permission android:name="com.google.android.finsky.permission.BIND_GET_INSTALL_REFERRER_SERVICE" />
62-->[com.android.installreferrer:installreferrer:1.0] AndroidManifest.xml:9:5-110
62-->[com.android.installreferrer:installreferrer:1.0] AndroidManifest.xml:9:22-107
63
64    <application
64-->src\main\AndroidManifest.xml:8:5-43:19
65        android:name="com.fitlogger.MainApplication"
65-->src\main\AndroidManifest.xml:9:7-38
66        android:allowBackup="false"
66-->src\main\AndroidManifest.xml:13:7-34
67        android:appComponentFactory="androidx.core.app.CoreComponentFactory"
67-->[androidx.core:core:1.5.0] AndroidManifest.xml:24:18-86
68        android:debuggable="true"
69        android:icon="@mipmap/ic_launcher"
69-->src\main\AndroidManifest.xml:11:7-41
70        android:label="@string/app_name"
70-->src\main\AndroidManifest.xml:10:7-39
71        android:roundIcon="@mipmap/ic_launcher_round"
71-->src\main\AndroidManifest.xml:12:7-52
72        android:supportsRtl="true"
72-->[com.facebook.android:facebook-android-sdk:9.0.0] AndroidManifest.xml:28:18-44
73        android:theme="@style/AppTheme"
73-->src\main\AndroidManifest.xml:14:7-38
74        android:usesCleartextTraffic="true" >
74-->src\debug\AndroidManifest.xml:8:9-44
75        <activity
75-->src\debug\AndroidManifest.xml:11:9-111
76            android:name="com.facebook.react.devsupport.DevSettingsActivity"
76-->src\debug\AndroidManifest.xml:11:19-83
77            android:exported="false" />
77-->src\debug\AndroidManifest.xml:11:84-108
78        <activity
78-->src\main\AndroidManifest.xml:15:7-26:18
79            android:name="com.fitlogger.MainActivity"
79-->src\main\AndroidManifest.xml:16:9-37
80            android:configChanges="keyboard|keyboardHidden|orientation|screenLayout|screenSize|smallestScreenSize|uiMode"
80-->src\main\AndroidManifest.xml:18:9-118
81            android:exported="true"
81-->src\main\AndroidManifest.xml:21:9-32
82            android:label="@string/app_name"
82-->src\main\AndroidManifest.xml:17:9-41
83            android:launchMode="singleTask"
83-->src\main\AndroidManifest.xml:19:9-40
84            android:windowSoftInputMode="adjustResize" >
84-->src\main\AndroidManifest.xml:20:9-51
85            <intent-filter>
85-->src\main\AndroidManifest.xml:22:9-25:25
86                <action android:name="android.intent.action.MAIN" />
86-->src\main\AndroidManifest.xml:23:13-65
86-->src\main\AndroidManifest.xml:23:21-62
87
88                <category android:name="android.intent.category.LAUNCHER" />
88-->src\main\AndroidManifest.xml:24:13-73
88-->src\main\AndroidManifest.xml:24:23-70
89            </intent-filter>
90        </activity>
91
92        <meta-data
92-->src\main\AndroidManifest.xml:27:7-28:50
93            android:name="com.facebook.sdk.ApplicationId"
93-->src\main\AndroidManifest.xml:27:18-63
94            android:value="@string/facebook_app_id" />
94-->src\main\AndroidManifest.xml:28:9-48
95
96        <activity
96-->src\main\AndroidManifest.xml:29:9-32:44
97            android:name="com.facebook.FacebookActivity"
97-->src\main\AndroidManifest.xml:29:19-63
98            android:configChanges="keyboard|keyboardHidden|screenLayout|screenSize|orientation"
98-->src\main\AndroidManifest.xml:30:9-109
99            android:label="@string/app_name"
99-->src\main\AndroidManifest.xml:32:9-41
100            android:theme="@style/com_facebook_activity_theme" />
100-->[com.facebook.android:facebook-common:9.0.0] AndroidManifest.xml:33:13-63
101        <activity
101-->src\main\AndroidManifest.xml:33:3-42:16
102            android:name="com.facebook.CustomTabActivity"
102-->src\main\AndroidManifest.xml:34:9-54
103            android:exported="true" >
103-->src\main\AndroidManifest.xml:35:9-32
104            <intent-filter>
104-->src\main\AndroidManifest.xml:36:9-41:25
105                <action android:name="android.intent.action.VIEW" />
105-->src\main\AndroidManifest.xml:37:13-65
105-->src\main\AndroidManifest.xml:37:21-62
106
107                <category android:name="android.intent.category.DEFAULT" />
107-->src\main\AndroidManifest.xml:38:13-72
107-->src\main\AndroidManifest.xml:38:23-69
108                <category android:name="android.intent.category.BROWSABLE" />
108-->src\main\AndroidManifest.xml:39:13-74
108-->src\main\AndroidManifest.xml:39:23-71
109
110                <data android:scheme="@string/fb_login_protocol_scheme" />
110-->src\main\AndroidManifest.xml:40:13-71
110-->src\main\AndroidManifest.xml:40:19-68
111            </intent-filter>
112            <intent-filter>
112-->[com.facebook.android:facebook-common:9.0.0] AndroidManifest.xml:39:13-48:29
113                <action android:name="android.intent.action.VIEW" />
113-->src\main\AndroidManifest.xml:37:13-65
113-->src\main\AndroidManifest.xml:37:21-62
114
115                <category android:name="android.intent.category.DEFAULT" />
115-->src\main\AndroidManifest.xml:38:13-72
115-->src\main\AndroidManifest.xml:38:23-69
116                <category android:name="android.intent.category.BROWSABLE" />
116-->src\main\AndroidManifest.xml:39:13-74
116-->src\main\AndroidManifest.xml:39:23-71
117
118                <data
118-->src\main\AndroidManifest.xml:40:13-71
119                    android:host="cct.com.fitlogger"
120                    android:scheme="fbconnect" />
120-->src\main\AndroidManifest.xml:40:19-68
121            </intent-filter>
122        </activity>
123
124        <meta-data
124-->[:react-native-firebase_admob] AndroidManifest.xml:14:9-16:70
125            android:name="com.google.android.gms.ads.APPLICATION_ID"
125-->[:react-native-firebase_admob] AndroidManifest.xml:15:13-69
126            android:value="ca-app-pub-1162457244352382~4516864933" />
126-->[:react-native-firebase_admob] AndroidManifest.xml:16:13-67
127        <meta-data
127-->[:react-native-firebase_admob] AndroidManifest.xml:17:9-19:37
128            android:name="com.google.android.gms.ads.DELAY_APP_MEASUREMENT_INIT"
128-->[:react-native-firebase_admob] AndroidManifest.xml:18:13-81
129            android:value="false" />
129-->[:react-native-firebase_admob] AndroidManifest.xml:19:13-34
130
131        <service android:name="io.invertase.firebase.messaging.ReactNativeFirebaseMessagingHeadlessService" />
131-->[:react-native-firebase_messaging] AndroidManifest.xml:14:9-111
131-->[:react-native-firebase_messaging] AndroidManifest.xml:14:18-108
132        <service
132-->[:react-native-firebase_messaging] AndroidManifest.xml:15:9-21:19
133            android:name="io.invertase.firebase.messaging.ReactNativeFirebaseMessagingService"
133-->[:react-native-firebase_messaging] AndroidManifest.xml:16:13-95
134            android:exported="false" >
134-->[:react-native-firebase_messaging] AndroidManifest.xml:17:13-37
135            <intent-filter>
135-->[:react-native-firebase_messaging] AndroidManifest.xml:18:13-20:29
136                <action android:name="com.google.firebase.MESSAGING_EVENT" />
136-->[:react-native-firebase_messaging] AndroidManifest.xml:19:17-78
136-->[:react-native-firebase_messaging] AndroidManifest.xml:19:25-75
137            </intent-filter>
138        </service>
139
140        <receiver
140-->[:react-native-firebase_messaging] AndroidManifest.xml:23:9-30:20
141            android:name="io.invertase.firebase.messaging.ReactNativeFirebaseMessagingReceiver"
141-->[:react-native-firebase_messaging] AndroidManifest.xml:24:13-96
142            android:exported="true"
142-->[:react-native-firebase_messaging] AndroidManifest.xml:25:13-36
143            android:permission="com.google.android.c2dm.permission.SEND" >
143-->[:react-native-firebase_messaging] AndroidManifest.xml:26:13-73
144            <intent-filter>
144-->[:react-native-firebase_messaging] AndroidManifest.xml:27:13-29:29
145                <action android:name="com.google.android.c2dm.intent.RECEIVE" />
145-->[:react-native-firebase_messaging] AndroidManifest.xml:28:17-81
145-->[:react-native-firebase_messaging] AndroidManifest.xml:28:25-78
146            </intent-filter>
147        </receiver>
148
149        <meta-data
149-->[:react-native-firebase_messaging] AndroidManifest.xml:32:9-34:36
150            android:name="firebase_messaging_auto_init_enabled"
150-->[:react-native-firebase_messaging] AndroidManifest.xml:33:13-64
151            android:value="true" />
151-->[:react-native-firebase_messaging] AndroidManifest.xml:34:13-33
152        <meta-data
152-->[:react-native-firebase_messaging] AndroidManifest.xml:35:9-37:32
153            android:name="com.google.firebase.messaging.default_notification_channel_id"
153-->[:react-native-firebase_messaging] AndroidManifest.xml:36:13-89
154            android:value="" />
154-->[:react-native-firebase_messaging] AndroidManifest.xml:37:13-29
155        <meta-data
155-->[:react-native-firebase_messaging] AndroidManifest.xml:38:9-40:47
156            android:name="com.google.firebase.messaging.default_notification_color"
156-->[:react-native-firebase_messaging] AndroidManifest.xml:39:13-84
157            android:resource="@color/white" />
157-->[:react-native-firebase_messaging] AndroidManifest.xml:40:13-44
158
159        <provider
159-->[:react-native-image-picker] AndroidManifest.xml:10:9-18:20
160            android:name="com.imagepicker.ImagePickerProvider"
160-->[:react-native-image-picker] AndroidManifest.xml:11:13-63
161            android:authorities="com.fitlogger.imagepickerprovider"
161-->[:react-native-image-picker] AndroidManifest.xml:12:13-71
162            android:exported="false"
162-->[:react-native-image-picker] AndroidManifest.xml:13:13-37
163            android:grantUriPermissions="true" >
163-->[:react-native-image-picker] AndroidManifest.xml:14:13-47
164            <meta-data
164-->[:react-native-image-picker] AndroidManifest.xml:15:13-17:70
165                android:name="android.support.FILE_PROVIDER_PATHS"
165-->[:react-native-image-picker] AndroidManifest.xml:16:17-67
166                android:resource="@xml/imagepicker_provider_paths" />
166-->[:react-native-image-picker] AndroidManifest.xml:17:17-67
167        </provider>
168        <provider
168-->[:react-native-webview] AndroidManifest.xml:10:9-18:20
169            android:name="com.reactnativecommunity.webview.RNCWebViewFileProvider"
169-->[:react-native-webview] AndroidManifest.xml:11:13-83
170            android:authorities="com.fitlogger.fileprovider"
170-->[:react-native-webview] AndroidManifest.xml:12:13-64
171            android:exported="false"
171-->[:react-native-webview] AndroidManifest.xml:13:13-37
172            android:grantUriPermissions="true" >
172-->[:react-native-webview] AndroidManifest.xml:14:13-47
173            <meta-data
173-->[:react-native-image-picker] AndroidManifest.xml:15:13-17:70
174                android:name="android.support.FILE_PROVIDER_PATHS"
174-->[:react-native-image-picker] AndroidManifest.xml:16:17-67
175                android:resource="@xml/file_provider_paths" />
175-->[:react-native-image-picker] AndroidManifest.xml:17:17-67
176        </provider>
177        <provider
177-->[:rn-fetch-blob] AndroidManifest.xml:34:9-42:20
178            android:name="com.RNFetchBlob.Utils.FileProvider"
178-->[:rn-fetch-blob] AndroidManifest.xml:35:13-62
179            android:authorities="com.fitlogger.provider"
179-->[:rn-fetch-blob] AndroidManifest.xml:36:13-60
180            android:exported="false"
180-->[:rn-fetch-blob] AndroidManifest.xml:37:13-37
181            android:grantUriPermissions="true" >
181-->[:rn-fetch-blob] AndroidManifest.xml:38:13-47
182            <meta-data
182-->[:react-native-image-picker] AndroidManifest.xml:15:13-17:70
183                android:name="android.support.FILE_PROVIDER_PATHS"
183-->[:react-native-image-picker] AndroidManifest.xml:16:17-67
184                android:resource="@xml/provider_paths" />
184-->[:react-native-image-picker] AndroidManifest.xml:17:17-67
185        </provider>
186
187        <activity android:name="com.facebook.CustomTabMainActivity" /> <!-- Include the AdActivity and InAppPurchaseActivity configChanges and themes. -->
187-->[com.facebook.android:facebook-common:9.0.0] AndroidManifest.xml:34:9-71
187-->[com.facebook.android:facebook-common:9.0.0] AndroidManifest.xml:34:19-68
188        <activity
188-->[com.google.android.gms:play-services-ads-lite:19.8.0] AndroidManifest.xml:48:9-52:64
189            android:name="com.google.android.gms.ads.AdActivity"
189-->[com.google.android.gms:play-services-ads-lite:19.8.0] AndroidManifest.xml:49:13-65
190            android:configChanges="keyboard|keyboardHidden|orientation|screenLayout|uiMode|screenSize|smallestScreenSize"
190-->[com.google.android.gms:play-services-ads-lite:19.8.0] AndroidManifest.xml:50:13-122
191            android:exported="false"
191-->[com.google.android.gms:play-services-ads-lite:19.8.0] AndroidManifest.xml:51:13-37
192            android:theme="@android:style/Theme.Translucent" />
192-->[com.google.android.gms:play-services-ads-lite:19.8.0] AndroidManifest.xml:52:13-61
193
194        <provider
194-->[com.google.android.gms:play-services-ads-lite:19.8.0] AndroidManifest.xml:54:9-58:39
195            android:name="com.google.android.gms.ads.MobileAdsInitProvider"
195-->[com.google.android.gms:play-services-ads-lite:19.8.0] AndroidManifest.xml:55:13-76
196            android:authorities="com.fitlogger.mobileadsinitprovider"
196-->[com.google.android.gms:play-services-ads-lite:19.8.0] AndroidManifest.xml:56:13-73
197            android:exported="false"
197-->[com.google.android.gms:play-services-ads-lite:19.8.0] AndroidManifest.xml:57:13-37
198            android:initOrder="100" />
198-->[com.google.android.gms:play-services-ads-lite:19.8.0] AndroidManifest.xml:58:13-36
199
200        <service
200-->[com.google.android.gms:play-services-ads-lite:19.8.0] AndroidManifest.xml:60:9-63:40
201            android:name="com.google.android.gms.ads.AdService"
201-->[com.google.android.gms:play-services-ads-lite:19.8.0] AndroidManifest.xml:61:13-64
202            android:enabled="true"
202-->[com.google.android.gms:play-services-ads-lite:19.8.0] AndroidManifest.xml:62:13-35
203            android:exported="false" />
203-->[com.google.android.gms:play-services-ads-lite:19.8.0] AndroidManifest.xml:63:13-37
204
205        <provider
205-->[androidx.work:work-runtime:2.1.0] AndroidManifest.xml:30:9-36:35
206            android:name="androidx.work.impl.WorkManagerInitializer"
206-->[androidx.work:work-runtime:2.1.0] AndroidManifest.xml:31:13-69
207            android:authorities="com.fitlogger.workmanager-init"
207-->[androidx.work:work-runtime:2.1.0] AndroidManifest.xml:32:13-68
208            android:directBootAware="false"
208-->[androidx.work:work-runtime:2.1.0] AndroidManifest.xml:33:13-44
209            android:exported="false"
209-->[androidx.work:work-runtime:2.1.0] AndroidManifest.xml:34:13-37
210            android:multiprocess="true" />
210-->[androidx.work:work-runtime:2.1.0] AndroidManifest.xml:35:13-40
211
212        <service
212-->[androidx.work:work-runtime:2.1.0] AndroidManifest.xml:38:9-43:35
213            android:name="androidx.work.impl.background.systemalarm.SystemAlarmService"
213-->[androidx.work:work-runtime:2.1.0] AndroidManifest.xml:39:13-88
214            android:directBootAware="false"
214-->[androidx.work:work-runtime:2.1.0] AndroidManifest.xml:40:13-44
215            android:enabled="@bool/enable_system_alarm_service_default"
215-->[androidx.work:work-runtime:2.1.0] AndroidManifest.xml:41:13-72
216            android:exported="false" />
216-->[androidx.work:work-runtime:2.1.0] AndroidManifest.xml:42:13-37
217        <service
217-->[androidx.work:work-runtime:2.1.0] AndroidManifest.xml:44:9-50:35
218            android:name="androidx.work.impl.background.systemjob.SystemJobService"
218-->[androidx.work:work-runtime:2.1.0] AndroidManifest.xml:45:13-84
219            android:directBootAware="false"
219-->[androidx.work:work-runtime:2.1.0] AndroidManifest.xml:46:13-44
220            android:enabled="@bool/enable_system_job_service_default"
220-->[androidx.work:work-runtime:2.1.0] AndroidManifest.xml:47:13-70
221            android:exported="true"
221-->[androidx.work:work-runtime:2.1.0] AndroidManifest.xml:48:13-36
222            android:permission="android.permission.BIND_JOB_SERVICE" />
222-->[androidx.work:work-runtime:2.1.0] AndroidManifest.xml:49:13-69
223
224        <receiver
224-->[androidx.work:work-runtime:2.1.0] AndroidManifest.xml:52:9-57:35
225            android:name="androidx.work.impl.utils.ForceStopRunnable$BroadcastReceiver"
225-->[androidx.work:work-runtime:2.1.0] AndroidManifest.xml:53:13-88
226            android:directBootAware="false"
226-->[androidx.work:work-runtime:2.1.0] AndroidManifest.xml:54:13-44
227            android:enabled="true"
227-->[androidx.work:work-runtime:2.1.0] AndroidManifest.xml:55:13-35
228            android:exported="false" />
228-->[androidx.work:work-runtime:2.1.0] AndroidManifest.xml:56:13-37
229        <receiver
229-->[androidx.work:work-runtime:2.1.0] AndroidManifest.xml:58:9-68:20
230            android:name="androidx.work.impl.background.systemalarm.ConstraintProxy$BatteryChargingProxy"
230-->[androidx.work:work-runtime:2.1.0] AndroidManifest.xml:59:13-106
231            android:directBootAware="false"
231-->[androidx.work:work-runtime:2.1.0] AndroidManifest.xml:60:13-44
232            android:enabled="false"
232-->[androidx.work:work-runtime:2.1.0] AndroidManifest.xml:61:13-36
233            android:exported="false" >
233-->[androidx.work:work-runtime:2.1.0] AndroidManifest.xml:62:13-37
234            <intent-filter>
234-->[androidx.work:work-runtime:2.1.0] AndroidManifest.xml:64:13-67:29
235                <action android:name="android.intent.action.ACTION_POWER_CONNECTED" />
235-->[androidx.work:work-runtime:2.1.0] AndroidManifest.xml:65:17-87
235-->[androidx.work:work-runtime:2.1.0] AndroidManifest.xml:65:25-84
236                <action android:name="android.intent.action.ACTION_POWER_DISCONNECTED" />
236-->[androidx.work:work-runtime:2.1.0] AndroidManifest.xml:66:17-90
236-->[androidx.work:work-runtime:2.1.0] AndroidManifest.xml:66:25-87
237            </intent-filter>
238        </receiver>
239        <receiver
239-->[androidx.work:work-runtime:2.1.0] AndroidManifest.xml:69:9-79:20
240            android:name="androidx.work.impl.background.systemalarm.ConstraintProxy$BatteryNotLowProxy"
240-->[androidx.work:work-runtime:2.1.0] AndroidManifest.xml:70:13-104
241            android:directBootAware="false"
241-->[androidx.work:work-runtime:2.1.0] AndroidManifest.xml:71:13-44
242            android:enabled="false"
242-->[androidx.work:work-runtime:2.1.0] AndroidManifest.xml:72:13-36
243            android:exported="false" >
243-->[androidx.work:work-runtime:2.1.0] AndroidManifest.xml:73:13-37
244            <intent-filter>
244-->[androidx.work:work-runtime:2.1.0] AndroidManifest.xml:75:13-78:29
245                <action android:name="android.intent.action.BATTERY_OKAY" />
245-->[androidx.work:work-runtime:2.1.0] AndroidManifest.xml:76:17-77
245-->[androidx.work:work-runtime:2.1.0] AndroidManifest.xml:76:25-74
246                <action android:name="android.intent.action.BATTERY_LOW" />
246-->[androidx.work:work-runtime:2.1.0] AndroidManifest.xml:77:17-76
246-->[androidx.work:work-runtime:2.1.0] AndroidManifest.xml:77:25-73
247            </intent-filter>
248        </receiver>
249        <receiver
249-->[androidx.work:work-runtime:2.1.0] AndroidManifest.xml:80:9-90:20
250            android:name="androidx.work.impl.background.systemalarm.ConstraintProxy$StorageNotLowProxy"
250-->[androidx.work:work-runtime:2.1.0] AndroidManifest.xml:81:13-104
251            android:directBootAware="false"
251-->[androidx.work:work-runtime:2.1.0] AndroidManifest.xml:82:13-44
252            android:enabled="false"
252-->[androidx.work:work-runtime:2.1.0] AndroidManifest.xml:83:13-36
253            android:exported="false" >
253-->[androidx.work:work-runtime:2.1.0] AndroidManifest.xml:84:13-37
254            <intent-filter>
254-->[androidx.work:work-runtime:2.1.0] AndroidManifest.xml:86:13-89:29
255                <action android:name="android.intent.action.DEVICE_STORAGE_LOW" />
255-->[androidx.work:work-runtime:2.1.0] AndroidManifest.xml:87:17-83
255-->[androidx.work:work-runtime:2.1.0] AndroidManifest.xml:87:25-80
256                <action android:name="android.intent.action.DEVICE_STORAGE_OK" />
256-->[androidx.work:work-runtime:2.1.0] AndroidManifest.xml:88:17-82
256-->[androidx.work:work-runtime:2.1.0] AndroidManifest.xml:88:25-79
257            </intent-filter>
258        </receiver>
259        <receiver
259-->[androidx.work:work-runtime:2.1.0] AndroidManifest.xml:91:9-100:20
260            android:name="androidx.work.impl.background.systemalarm.ConstraintProxy$NetworkStateProxy"
260-->[androidx.work:work-runtime:2.1.0] AndroidManifest.xml:92:13-103
261            android:directBootAware="false"
261-->[androidx.work:work-runtime:2.1.0] AndroidManifest.xml:93:13-44
262            android:enabled="false"
262-->[androidx.work:work-runtime:2.1.0] AndroidManifest.xml:94:13-36
263            android:exported="false" >
263-->[androidx.work:work-runtime:2.1.0] AndroidManifest.xml:95:13-37
264            <intent-filter>
264-->[androidx.work:work-runtime:2.1.0] AndroidManifest.xml:97:13-99:29
265                <action android:name="android.net.conn.CONNECTIVITY_CHANGE" />
265-->[androidx.work:work-runtime:2.1.0] AndroidManifest.xml:98:17-79
265-->[androidx.work:work-runtime:2.1.0] AndroidManifest.xml:98:25-76
266            </intent-filter>
267        </receiver>
268        <receiver
268-->[androidx.work:work-runtime:2.1.0] AndroidManifest.xml:101:9-112:20